                                 Started job on |	Oct 03 14:55:11
                             Started mapping on |	Oct 03 14:55:31
                                    Finished on |	Oct 03 16:09:28
       Mapping speed, Million of reads per hour |	107.59

                          Number of input reads |	132610390
                      Average input read length |	146
                                    UNIQUE READS:
                   Uniquely mapped reads number |	117233123
                        Uniquely mapped reads % |	88.40%
                          Average mapped length |	145.46
                       Number of splices: Total |	56040786
            Number of splices: Annotated (sjdb) |	55614987
                       Number of splices: GT/AG |	55548468
                       Number of splices: GC/AG |	338740
                       Number of splices: AT/AC |	42814
               Number of splices: Non-canonical |	110764
                      Mismatch rate per base, % |	0.18%
                         Deletion rate per base |	0.01%
                        Deletion average length |	1.95
                        Insertion rate per base |	0.01%
                       Insertion average length |	1.72
                             MULTI-MAPPING READS:
        Number of reads mapped to multiple loci |	0
             % of reads mapped to multiple loci |	0.00%
        Number of reads mapped to too many loci |	11831850
             % of reads mapped to too many loci |	8.92%
                                  UNMAPPED READS:
       % of reads unmapped: too many mismatches |	0.00%
                 % of reads unmapped: too short |	2.66%
                     % of reads unmapped: other |	0.01%
                                  CHIMERIC READS:
                       Number of chimeric reads |	0
                            % of chimeric reads |	0.00%
