                                 Started job on |	Oct 03 14:55:11
                             Started mapping on |	Oct 03 14:55:31
                                    Finished on |	Oct 03 16:14:40
       Mapping speed, Million of reads per hour |	99.88

                          Number of input reads |	131759458
                      Average input read length |	149
                                    UNIQUE READS:
                   Uniquely mapped reads number |	116497959
                        Uniquely mapped reads % |	88.42%
                          Average mapped length |	148.07
                       Number of splices: Total |	60495115
            Number of splices: Annotated (sjdb) |	60073606
                       Number of splices: GT/AG |	59991497
                       Number of splices: GC/AG |	356647
                       Number of splices: AT/AC |	46330
               Number of splices: Non-canonical |	100641
                      Mismatch rate per base, % |	0.20%
                         Deletion rate per base |	0.01%
                        Deletion average length |	1.98
                        Insertion rate per base |	0.01%
                       Insertion average length |	1.73
                             MULTI-MAPPING READS:
        Number of reads mapped to multiple loci |	0
             % of reads mapped to multiple loci |	0.00%
        Number of reads mapped to too many loci |	11031977
             % of reads mapped to too many loci |	8.37%
                                  UNMAPPED READS:
       % of reads unmapped: too many mismatches |	0.00%
                 % of reads unmapped: too short |	3.20%
                     % of reads unmapped: other |	0.01%
                                  CHIMERIC READS:
                       Number of chimeric reads |	0
                            % of chimeric reads |	0.00%
