                                 Started job on |	Oct 03 14:55:11
                             Started mapping on |	Oct 03 14:55:31
                                    Finished on |	Oct 03 16:11:55
       Mapping speed, Million of reads per hour |	103.88

                          Number of input reads |	132268662
                      Average input read length |	146
                                    UNIQUE READS:
                   Uniquely mapped reads number |	114857489
                        Uniquely mapped reads % |	86.84%
                          Average mapped length |	144.96
                       Number of splices: Total |	57236235
            Number of splices: Annotated (sjdb) |	56801909
                       Number of splices: GT/AG |	56745934
                       Number of splices: GC/AG |	345171
                       Number of splices: AT/AC |	47080
               Number of splices: Non-canonical |	98050
                      Mismatch rate per base, % |	0.17%
                         Deletion rate per base |	0.01%
                        Deletion average length |	1.93
                        Insertion rate per base |	0.01%
                       Insertion average length |	1.74
                             MULTI-MAPPING READS:
        Number of reads mapped to multiple loci |	0
             % of reads mapped to multiple loci |	0.00%
        Number of reads mapped to too many loci |	13572949
             % of reads mapped to too many loci |	10.26%
                                  UNMAPPED READS:
       % of reads unmapped: too many mismatches |	0.00%
                 % of reads unmapped: too short |	2.89%
                     % of reads unmapped: other |	0.01%
                                  CHIMERIC READS:
                       Number of chimeric reads |	0
                            % of chimeric reads |	0.00%
