                                 Started job on |	Oct 03 14:55:11
                             Started mapping on |	Oct 03 14:55:31
                                    Finished on |	Oct 03 16:12:18
       Mapping speed, Million of reads per hour |	103.66

                          Number of input reads |	132655526
                      Average input read length |	145
                                    UNIQUE READS:
                   Uniquely mapped reads number |	115438466
                        Uniquely mapped reads % |	87.02%
                          Average mapped length |	144.23
                       Number of splices: Total |	55526188
            Number of splices: Annotated (sjdb) |	55108157
                       Number of splices: GT/AG |	55029746
                       Number of splices: GC/AG |	353015
                       Number of splices: AT/AC |	43761
               Number of splices: Non-canonical |	99666
                      Mismatch rate per base, % |	0.17%
                         Deletion rate per base |	0.01%
                        Deletion average length |	1.95
                        Insertion rate per base |	0.01%
                       Insertion average length |	1.74
                             MULTI-MAPPING READS:
        Number of reads mapped to multiple loci |	0
             % of reads mapped to multiple loci |	0.00%
        Number of reads mapped to too many loci |	13319190
             % of reads mapped to too many loci |	10.04%
                                  UNMAPPED READS:
       % of reads unmapped: too many mismatches |	0.00%
                 % of reads unmapped: too short |	2.92%
                     % of reads unmapped: other |	0.02%
                                  CHIMERIC READS:
                       Number of chimeric reads |	0
                            % of chimeric reads |	0.00%
